0 info it worked if it ends with ok
1 verbose cli [ '/usr/bin/node', '/usr/bin/npm', 'install', 'http' ]
2 info using npm@1.2.32
3 info using node@v0.10.12
4 verbose node symlink /usr/bin/node
5 verbose read json /home/ubuntu/node_beginner/package.json
6 warn package.json node-example@0.0.1 No repository field.
7 warn package.json node-example@0.0.1 No readme data.
8 verbose from cache /home/ubuntu/node_beginner/package.json
9 verbose readDependencies using package.json deps
10 verbose cache add [ 'http', null ]
11 verbose cache add name=undefined spec="http" args=["http",null]
12 verbose parsed url { protocol: null,
12 verbose parsed url   slashes: null,
12 verbose parsed url   auth: null,
12 verbose parsed url   host: null,
12 verbose parsed url   port: null,
12 verbose parsed url   hostname: null,
12 verbose parsed url   hash: null,
12 verbose parsed url   search: null,
12 verbose parsed url   query: null,
12 verbose parsed url   pathname: 'http',
12 verbose parsed url   path: 'http',
12 verbose parsed url   href: 'http' }
13 silly lockFile 77b5f8e3-http http
14 verbose lock http /home/ubuntu/.npm/77b5f8e3-http.lock
15 silly lockFile 77b5f8e3-http http
16 silly lockFile 77b5f8e3-http http
17 verbose addNamed [ 'http', '' ]
18 verbose addNamed [ null, '' ]
19 silly lockFile c1086ff9-http http@
20 verbose lock http@ /home/ubuntu/.npm/c1086ff9-http.lock
21 silly addNameRange { name: 'http', range: '', hasData: false }
22 verbose url raw http
23 verbose url resolving [ 'https://registry.npmjs.org/', './http' ]
24 verbose url resolved https://registry.npmjs.org/http
25 info trying registry request attempt 1 at 20:56:16
26 http GET https://registry.npmjs.org/http
27 http 404 https://registry.npmjs.org/http
28 silly registry.get cb [ 404,
28 silly registry.get   { server: 'CouchDB/1.3.0 (Erlang OTP/R15B03)',
28 silly registry.get     date: 'Mon, 08 Jul 2013 20:56:18 GMT',
28 silly registry.get     'content-type': 'application/json',
28 silly registry.get     'content-length': '52',
28 silly registry.get     'cache-control': 'must-revalidate' } ]
29 silly lockFile c1086ff9-http http@
30 silly lockFile c1086ff9-http http@
31 error 404 'http' is not in the npm registry.
31 error 404 You should bug the author to publish it
31 error 404
31 error 404 Note that you can also install from a
31 error 404 tarball, folder, or http url, or git url.
32 error System Linux 3.2.0-40-virtual
33 error command "/usr/bin/node" "/usr/bin/npm" "install" "http"
34 error cwd /home/ubuntu/node_beginner
35 error node -v v0.10.12
36 error npm -v 1.2.32
37 error code E404
38 verbose exit [ 1, true ]
